0 verbose cli [
0 verbose cli   '/usr/local/bin/node',
0 verbose cli   '/usr/local/bin/npm',
0 verbose cli   'i',
0 verbose cli   '--save',
0 verbose cli   '@mui/material/Slider'
0 verbose cli ]
1 info using npm@7.21.0
2 info using node@v16.8.0
3 timing npm:load:whichnode Completed in 0ms
4 timing config:load:defaults Completed in 2ms
5 timing config:load:file:/usr/local/lib/node_modules/npm/npmrc Completed in 1ms
6 timing config:load:builtin Completed in 1ms
7 timing config:load:cli Completed in 2ms
8 timing config:load:env Completed in 0ms
9 timing config:load:file:/webapp/.npmrc Completed in 0ms
10 timing config:load:project Completed in 2ms
11 timing config:load:file:/root/.npmrc Completed in 0ms
12 timing config:load:user Completed in 0ms
13 timing config:load:file:/usr/local/etc/npmrc Completed in 1ms
14 timing config:load:global Completed in 1ms
15 timing config:load:validate Completed in 0ms
16 timing config:load:credentials Completed in 1ms
17 timing config:load:setEnvs Completed in 1ms
18 timing config:load Completed in 10ms
19 timing npm:load:configload Completed in 10ms
20 timing npm:load:setTitle Completed in 0ms
21 timing npm:load:setupLog Completed in 1ms
22 timing config:load:flatten Completed in 3ms
23 timing npm:load:cleanupLog Completed in 3ms
24 timing npm:load:configScope Completed in 0ms
25 timing npm:load:projectScope Completed in 4ms
26 timing npm:load Completed in 23ms
27 timing arborist:ctor Completed in 1ms
28 timing idealTree:init Completed in 316ms
29 timing idealTree Completed in 320ms
30 timing command:install Completed in 343ms
31 verbose stack Error: ENOENT: no such file or directory, open '/webapp/@mui/material/Slider/package.json'
32 verbose cwd /webapp
33 verbose Linux 4.19.128-microsoft-standard
34 verbose argv "/usr/local/bin/node" "/usr/local/bin/npm" "i" "--save" "@mui/material/Slider"
35 verbose node v16.8.0
36 verbose npm  v7.21.0
37 error code ENOENT
38 error syscall open
39 error path /webapp/@mui/material/Slider/package.json
40 error errno -2
41 error enoent ENOENT: no such file or directory, open '/webapp/@mui/material/Slider/package.json'
42 error enoent This is related to npm not being able to find a file.
43 verbose exit -2
