
2021/10/31 15:37:20 0xc00028d920
2021/10/31 15:53:04 SELECT * FROM regions WHERE slug = pskovskaya-obl
2021/10/31 15:53:04 {0  0 }
2021/10/31 15:55:13 SELECT * FROM regions WHERE slug = 'pskovskaya-obl'
2021/10/31 15:55:13 {0  0 }
2021/10/31 15:58:42 SELECT * FROM regions WHERE slug=$1
2021/10/31 15:58:42 {0  0 }
2021/10/31 16:00:53 SELECT * FROM regions WHERE slug=$1
2021/10/31 16:00:53 {48 Псковская обл. 1 pskovskaya-obl}
2021/10/31 16:04:14 SELECT * FROM regions WHERE slug=$1
2021/10/31 16:04:14 {48 Псковская обл. 1 pskovskaya-obl}
2021/10/31 16:04:14 SELECT * FROM regions WHERE slug=$1
2021/10/31 16:04:14 {48 Псковская обл. 1 pskovskaya-obl}
2021/10/31 16:04:18 SELECT * FROM regions WHERE slug=$1
2021/10/31 16:04:18 {48 Псковская обл. 1 pskovskaya-obl}
2021/10/31 16:04:32 SELECT * FROM regions WHERE slug=$1
2021/10/31 16:04:32 {48 Псковская обл. 1 pskovskaya-obl}
2021/10/31 16:27:46 SELECT * FROM regions WHERE slug=$1
2021/10/31 16:27:46 {48 Псковская обл. 1 pskovskaya-obl}
2021/10/31 16:27:46 SELECT * FROM regions WHERE slug=$1
2021/10/31 16:27:46 {48 Псковская обл. 1 pskovskaya-obl}
2021/10/31 16:28:35 SELECT * FROM regions WHERE slug=$1
2021/10/31 16:28:35 {48 Псковская обл. 1 pskovskaya-obl}
2021/10/31 16:28:36 SELECT * FROM regions WHERE slug=$1
2021/10/31 16:28:36 {48 Псковская обл. 1 pskovskaya-obl}
2021/10/31 16:33:29 SELECT * FROM regions WHERE slug=$1
2021/10/31 16:33:29 {45 Пензенская обл. 1 penzenskaya-obl}
2021/10/31 16:33:32 SELECT * FROM regions WHERE slug=$1
2021/10/31 16:33:32 {75 Чувашия 1 chuvashiya}
2021/10/31 16:34:02 SELECT * FROM regions WHERE slug=$1
2021/10/31 16:34:02 {47 Приморский край 1 primorski-kra}
2021/10/31 16:35:09 SELECT * FROM regions WHERE slug=$1
2021/10/31 16:35:09 {70 Хакасия 1 hakasiya}
2021/10/31 16:41:01 SELECT * FROM regions WHERE slug=$1
2021/10/31 16:41:01 {18 Ивановская обл. 1 ivanovskaya-obl}
2021/10/31 16:53:28 SELECT * FROM regions WHERE slug=$1
2021/10/31 16:53:28 {1 Московская обл. 1 moskovskaya-obl}
2021/10/31 16:57:17 SELECT * FROM regions WHERE slug=$1
2021/10/31 16:57:17 {44 Орловская обл. 1 orlovskaya-obl}
2021/10/31 16:57:42 SELECT * FROM regions WHERE slug=$1
2021/10/31 16:57:42 {46 Пермская обл. 1 permskaya-obl}
2021/10/31 17:03:49 SELECT * FROM towns WHERE slug=$1
2021/10/31 17:03:49 {1843 Горнозаводск 1 54 gornozavodsk}
2021/10/31 17:03:51 SELECT * FROM towns WHERE slug=$1
2021/10/31 17:03:51 {1843 Горнозаводск 1 54 gornozavodsk}
2021/10/31 17:04:49 SELECT * FROM towns WHERE slug=$1
2021/10/31 17:04:49 {1843 Горнозаводск 1 54 gornozavodsk}
2021/10/31 17:04:49 SELECT * FROM towns WHERE slug=$1
2021/10/31 17:04:49 {1843 Горнозаводск 1 54 gornozavodsk}
2021/10/31 17:05:10 SELECT * FROM towns WHERE slug=$1
2021/10/31 17:05:10 {1843 Горнозаводск 1 54 gornozavodsk}
2021/10/31 17:05:11 SELECT * FROM towns WHERE slug=$1
2021/10/31 17:05:11 {1843 Горнозаводск 1 54 gornozavodsk}
2021/10/31 17:05:33 SELECT * FROM towns WHERE slug=$1
2021/10/31 17:05:33 {1843 Горнозаводск 1 54 gornozavodsk}
2021/10/31 17:05:33 SELECT * FROM towns WHERE slug=$1
2021/10/31 17:05:33 {1843 Горнозаводск 1 54 gornozavodsk}
2021/10/31 17:07:26 SELECT * FROM towns WHERE slug=$1
2021/10/31 17:07:26 {1843 Горнозаводск 1 54 gornozavodsk}
2021/10/31 17:07:26 SELECT * FROM towns WHERE slug=$1
2021/10/31 17:07:26 SELECT * FROM regions WHERE id=$1
2021/10/31 17:07:26 {1843 Горнозаводск 1 54 gornozavodsk}
2021/10/31 17:07:26 {54 Сахалин 1 sahalin}
2021/10/31 17:07:26 SELECT * FROM regions WHERE id=$1
2021/10/31 17:07:26 {54 Сахалин 1 sahalin}
2021/10/31 17:08:09 SELECT * FROM towns WHERE slug=$1
2021/10/31 17:08:09 {1843 Горнозаводск 1 54 gornozavodsk}
2021/10/31 17:08:09 SELECT * FROM regions WHERE id=$1
2021/10/31 17:08:09 SELECT * FROM towns WHERE slug=$1
2021/10/31 17:08:09 {54 Сахалин 1 sahalin}
2021/10/31 17:08:09 {1843 Горнозаводск 1 54 gornozavodsk}
2021/10/31 17:08:10 SELECT * FROM regions WHERE id=$1
2021/10/31 17:08:10 {54 Сахалин 1 sahalin}
2021/10/31 17:08:32 SELECT * FROM towns WHERE slug=$1
2021/10/31 17:08:32 {1849 Макаров 1 54 makarov}
2021/10/31 17:08:32 SELECT * FROM regions WHERE id=$1
2021/10/31 17:08:32 {54 Сахалин 1 sahalin}
2021/10/31 17:08:41 SELECT * FROM regions WHERE slug=$1
2021/10/31 17:08:41 {18 Ивановская обл. 1 ivanovskaya-obl}
2021/10/31 17:08:47 SELECT * FROM towns WHERE slug=$1
2021/10/31 17:08:47 {668 Иваново 1 18 ivanovo}
2021/10/31 17:08:47 SELECT * FROM regions WHERE id=$1
2021/10/31 17:08:47 {18 Ивановская обл. 1 ivanovskaya-obl}
2021/10/31 17:10:14 SELECT * FROM towns WHERE slug=$1
2021/10/31 17:10:14 {676 Палех 1 18 paleh}
2021/10/31 17:10:15 SELECT * FROM regions WHERE id=$1
2021/10/31 17:10:15 {18 Ивановская обл. 1 ivanovskaya-obl}
2021/10/31 17:10:18 SELECT * FROM regions WHERE slug=$1
2021/10/31 17:10:18 {75 Чувашия 1 chuvashiya}
2021/10/31 17:10:23 SELECT * FROM regions WHERE slug=$1
2021/10/31 17:10:23 {1 Московская обл. 1 moskovskaya-obl}
2021/10/31 17:10:30 SELECT * FROM towns WHERE slug=$1
2021/10/31 17:10:30 {41 Жилево 1 1 jilevo}
2021/10/31 17:10:30 SELECT * FROM regions WHERE id=$1
2021/10/31 17:10:30 {1 Московская обл. 1 moskovskaya-obl}
2021/10/31 17:10:45 SELECT * FROM towns WHERE slug=$1
2021/10/31 17:10:45 {41 Жилево 1 1 jilevo}
2021/10/31 17:10:45 SELECT * FROM regions WHERE id=$1
2021/10/31 17:10:45 {1 Московская обл. 1 moskovskaya-obl}
2021/10/31 17:12:17 SELECT * FROM regions WHERE slug=$1
2021/10/31 17:12:17 {46 Пермская обл. 1 permskaya-obl}
2021/10/31 17:12:53 SELECT * FROM towns WHERE slug=$1
2021/10/31 17:12:53 {1534 Кизел 1 46 kizel}
2021/10/31 17:12:53 SELECT * FROM regions WHERE id=$1
2021/10/31 17:12:53 {46 Пермская обл. 1 permskaya-obl}
2021/10/31 17:13:38 SELECT * FROM towns WHERE slug=$1
2021/10/31 17:13:38 {1534 Кизел 1 46 kizel}
2021/10/31 17:13:38 SELECT * FROM regions WHERE id=$1
2021/10/31 17:13:38 {46 Пермская обл. 1 permskaya-obl}
2021/10/31 17:19:08 SELECT * FROM towns WHERE slug=$1
2021/10/31 17:19:08 {0  0 0 }
2021/10/31 17:19:09 SELECT * FROM regions WHERE id=$1
2021/10/31 17:19:09 {0  0 }
2021/10/31 17:27:50 SELECT * FROM towns WHERE slug=$1
2021/10/31 17:27:50 {0  0 0 }
2021/10/31 17:27:50 SELECT * FROM regions WHERE id=$1
2021/10/31 17:27:50 SELECT * FROM towns WHERE slug=$1
2021/10/31 17:27:50 {0  0 }
2021/10/31 17:27:50 {0  0 0 }
2021/10/31 17:27:50 SELECT * FROM regions WHERE id=$1
2021/10/31 17:27:50 {0  0 }
2021/10/31 17:31:28 SELECT * FROM regions WHERE slug=$1
2021/10/31 17:31:28 {1 Московская обл. 1 moskovskaya-obl}
2021/10/31 17:31:41 SELECT * FROM towns WHERE slug=$1
2021/10/31 17:31:41 {117 Протвино 1 1 protvino}
2021/10/31 17:31:41 SELECT * FROM regions WHERE id=$1
2021/10/31 17:31:41 {1 Московская обл. 1 moskovskaya-obl}
2021/10/31 17:31:47 SELECT * FROM towns WHERE slug=$1
2021/10/31 17:31:47 {117 Протвино 1 1 protvino}
2021/10/31 17:31:47 SELECT * FROM regions WHERE id=$1
2021/10/31 17:31:47 {1 Московская обл. 1 moskovskaya-obl}
2021/10/31 17:49:57 SELECT * FROM regions WHERE slug=$1
2021/10/31 17:49:57 {47 Приморский край 1 primorski-kra}
2021/10/31 17:50:02 SELECT * FROM towns WHERE slug=$1
2021/10/31 17:50:02 {1572 Горные Ключи 1 47 gornye-kluchi}
2021/10/31 17:50:02 SELECT * FROM regions WHERE slug=$1
2021/10/31 17:50:02 {47 Приморский край 1 primorski-kra}
2021/10/31 17:50:10 SELECT * FROM towns WHERE slug=$1
2021/10/31 17:50:10 {1572 Горные Ключи 1 47 gornye-kluchi}
2021/10/31 17:50:10 SELECT * FROM regions WHERE slug=$1
2021/10/31 17:50:10 {47 Приморский край 1 primorski-kra}
2021/10/31 17:50:22 SELECT * FROM regions WHERE slug=$1
2021/10/31 17:50:22 {18 Ивановская обл. 1 ivanovskaya-obl}
2021/10/31 17:50:31 SELECT * FROM towns WHERE slug=$1
2021/10/31 17:50:31 {662 Вичуга 1 18 vichuga}
2021/10/31 17:50:31 SELECT * FROM regions WHERE slug=$1
2021/10/31 17:50:31 {18 Ивановская обл. 1 ivanovskaya-obl}
